Training ddqn_er on bobail (seed=42)
  -> results/bobail/ddqn_er/batch_size64_buffer_capacity50000_epsilon_decay_steps100000_epsilon_end0.05_epsilon_start1.0_gamma0.99_hidden_layers[256, 128]_learning_starts5000_lr0.0005_target_update_freq500_seed42
  [    1000 eps] reward=-0.960+/-0.280  steps=25.1  action_time=0.033ms
  [   10000 eps] reward=-0.880+/-0.475  steps=162.3  action_time=0.033ms
  [   50000 eps] reward=-0.760+/-0.650  steps=160.8  action_time=0.033ms
Training ddqn_er on grid_world (seed=42)
  -> results/grid_world/ddqn_er/batch_size64_buffer_capacity10000_epsilon_decay_steps20000_epsilon_end0.01_epsilon_start1.0_gamma0.99_hidden_layers[64, 64]_learning_starts1000_lr0.001_target_update_freq200_seed42
  [    1000 eps] reward=1.000+/-0.000  steps=8.0  action_time=0.023ms
  [   10000 eps] reward=1.000+/-0.000  steps=8.0  action_time=0.023ms
  [   50000 eps] reward=0.000+/-0.000  steps=10000.0  action_time=0.028ms
Training ddqn_er on line_world (seed=42)
  -> results/line_world/ddqn_er/batch_size64_buffer_capacity10000_epsilon_decay_steps10000_epsilon_end0.01_epsilon_start1.0_gamma0.99_hidden_layers[64, 64]_learning_starts500_lr0.001_target_update_freq100_seed42
  [    1000 eps] reward=1.000+/-0.000  steps=2.0  action_time=0.023ms
  [   10000 eps] reward=1.000+/-0.000  steps=2.0  action_time=0.024ms
  [   50000 eps] reward=1.000+/-0.000  steps=2.0  action_time=0.023ms
Training ddqn_er on tictactoe (seed=42)
  -> results/tictactoe/ddqn_er/batch_size64_buffer_capacity50000_epsilon_decay_steps50000_epsilon_end0.05_epsilon_start1.0_gamma0.99_hidden_layers[128, 128]_learning_starts2000_lr0.001_target_update_freq200_seed42
  [    1000 eps] reward=0.490+/-0.755  steps=7.9  action_time=0.029ms
  [   10000 eps] reward=0.530+/-0.624  steps=8.8  action_time=0.029ms
  [   50000 eps] reward=0.430+/-0.636  steps=8.8  action_time=0.029ms
Found 4 config(s)

=== configs/ddqn_er/bobail.yaml (train) ===

=== configs/ddqn_er/grid_world.yaml (train) ===

=== configs/ddqn_er/line_world.yaml (train) ===

=== configs/ddqn_er/tictactoe.yaml (train) ===

