Training dqn on bobail (seed=42)
  -> results/bobail/dqn/batch_size64_buffer_capacity50000_epsilon_decay_steps100000_epsilon_end0.05_epsilon_start1.0_gamma0.99_hidden_layers[256, 128]_lr0.0005_target_update_freq500_seed42
  [    1000 eps] reward=-0.760+/-0.650  steps=52.9  action_time=0.033ms
  [   10000 eps] reward=-0.520+/-0.854  steps=317.1  action_time=0.033ms
  [   50000 eps] reward=-0.480+/-0.877  steps=277.2  action_time=0.033ms
Training dqn on grid_world (seed=42)
  -> results/grid_world/dqn/batch_size64_buffer_capacity10000_epsilon_decay_steps20000_epsilon_end0.01_epsilon_start1.0_gamma0.99_hidden_layers[64, 64]_lr0.001_target_update_freq200_seed42
  [    1000 eps] reward=0.000+/-0.000  steps=10000.0  action_time=0.023ms
  [   10000 eps] reward=0.000+/-0.000  steps=10000.0  action_time=0.023ms
  [   50000 eps] reward=0.000+/-0.000  steps=10000.0  action_time=0.023ms
Training dqn on line_world (seed=42)
  -> results/line_world/dqn/batch_size64_buffer_capacity10000_epsilon_decay_steps10000_epsilon_end0.01_epsilon_start1.0_gamma0.99_hidden_layers[64, 64]_lr0.001_target_update_freq100_seed42
  [    1000 eps] reward=1.000+/-0.000  steps=2.0  action_time=0.024ms
  [   10000 eps] reward=1.000+/-0.000  steps=2.0  action_time=0.025ms
  [   50000 eps] reward=1.000+/-0.000  steps=2.0  action_time=0.024ms
Training dqn on tictactoe (seed=42)
  -> results/tictactoe/dqn/batch_size64_buffer_capacity50000_epsilon_decay_steps50000_epsilon_end0.05_epsilon_start1.0_gamma0.99_hidden_layers[128, 128]_lr0.001_target_update_freq200_seed42
  [    1000 eps] reward=0.430+/-0.752  steps=8.4  action_time=0.029ms
  [   10000 eps] reward=0.470+/-0.699  steps=8.8  action_time=0.029ms
  [   50000 eps] reward=0.440+/-0.753  steps=8.7  action_time=0.029ms
Found 4 config(s)

=== configs/dqn/bobail.yaml (train) ===

=== configs/dqn/grid_world.yaml (train) ===

=== configs/dqn/line_world.yaml (train) ===

=== configs/dqn/tictactoe.yaml (train) ===

